-------------------------------------------------------------------------------
Test set: sfpetclinic.SfPetClinicApplicationTests
-------------------------------------------------------------------------------
Tests run: 1, Failures: 0, Errors: 1, Skipped: 0, Time elapsed: 0.172 s <<< FAILURE! - in sfpetclinic.SfPetClinicApplicationTests
sfpetclinic.SfPetClinicApplicationTests  Time elapsed: 0.171 s  <<< ERROR!
java.lang.IllegalStateException: Unable to find a @SpringBootConfiguration, you need to use @ContextConfiguration or @SpringBootTest(classes=...) with your test

